Windows PowerShell
ç
‰ˆæƒæ‰€æœ‰ (C) Micr
osoft Corporationã€‚
ä¿ç•™æ‰€æœ‰æƒåˆ©ã€
‚

å°è¯•æ–°çš„è·¨å¹
³å° PowerShell http
s://aka.ms/pscore6


PS D:\C++_Vscode\qd_
language> cd .\build
\
-- The C compiler 
identification is GN
U 8.1.0
-- The CXX c
ompiler identificati
on is GNU 8.1.0
-- D
etecting C compiler 
ABI info
-- Detectin
g C compiler ABI inf
o - failed
-- Check 
for working C compil
er: D:/mingw/bin/gcc
.exe
-- Check for wo
rking C compiler: D:
/mingw/bin/gcc.exe -
 works
-- Detecting 
C compile features
-
- Detecting C compil
e features - done
--
 Detecting CXX compi
ler ABI info
-- Dete
cting CXX compiler A
BI info - failed
-- 
Check for working CX
X compiler: D:/mingw
/bin/g++.exe
-- Chec
k for working CXX co
mpiler: D:/mingw/bin
/g++.exe - works
-- 
Detecting CXX compil
e features
-- Detect
ing CXX compile feat
ures - done
-- Confi
guring done
-- Gener
ating done
-- Build 
files have been writ
ten to: D:/C++_Vscod
e/qd_language/build

PS D:\C++_Vscode\qd_
language\build> make

[  4%] Building CXX
 object CMakeFiles/q
d.dir/src/main.cpp.o
bj
[  9%] Building C
XX object CMakeFiles
/qd.dir/src/qd_basel
ib.cpp.obj
[ 13%] Bu
ilding CXX object CM
akeFiles/qd.dir/src/
qd_bitset.cpp.obj
[ 
18%] Building CXX ob
ject CMakeFiles/qd.d
ir/src/qd_buffer.cpp
.obj
[ 22%] Building
 CXX object CMakeFil
es/qd.dir/src/qd_cal
l.cpp.obj
[ 27%] Bui
lding CXX object CMa
keFiles/qd.dir/src/q
d_env.cpp.obj
[ 31%]
 Building CXX object
 CMakeFiles/qd.dir/s
rc/qd_func.cpp.obj
[
 36%] Building CXX o
bject CMakeFiles/qd.
dir/src/qd_instructi
on.cpp.obj
[ 40%] Bu
ilding CXX object CM
akeFiles/qd.dir/src/
qd_io.cpp.obj
[ 45%]
 Building CXX object
 CMakeFiles/qd.dir/s
rc/qd_iolib.cpp.obj

[ 50%] Building CXX 
object CMakeFiles/qd
.dir/src/qd_lex.cpp.
obj
D:\C++_Vscode\qd
_language\src\qd_lex
.cpp:394:26: warning
: multi-character ch
aracter constant [-W
multichar]
         
                 ^~~
~~~~
[ 54%] Building
 CXX object CMakeFil
es/qd.dir/src/qd_lib
.cpp.obj
[ 63%] Buil
ding CXX object CMak
eFiles/qd.dir/src/qd
_main.cpp.obj
D:\C++
_Vscode\qd_language\
src\qd_main.cpp: In 
member function 'siz
e_t qd_header::QDMAI
N::interactive_mode(
)':
D:\C++_Vscode\qd
_language\src\qd_mai
n.cpp:263:1: warning
: control reaches en
d of non-void functi
on [-Wreturn-type]
 
}
[ 68%] Building CX
X object CMakeFiles/
qd.dir/src/qd_mathli
b.cpp.obj
[ 72%] Bui
lding CXX object CMa
keFiles/qd.dir/src/q
d_obj.cpp.obj
[ 77%]
 Building CXX object
 CMakeFiles/qd.dir/s
rc/qd_parser.cpp.obj

[ 81%] Building CXX
 object CMakeFiles/q
d.dir/src/qd_state.c
pp.obj
[ 90%] Buildi
ng CXX object CMakeF
iles/qd.dir/src/qd_v
arlib.cpp.obj
[ 95%]
 Building CXX object
 CMakeFiles/qd.dir/s
rc/qd_vm.cpp.obj
[10
0%] Linking CXX exec
utable ..\bin\qd.exe

[100%] Built target
 qd
(- info  -)  <id
 1> [ 2024-01-13 21:
07:18 ]  Logger init

(- info  -)  <id 2>
 [ 2024-01-13 21:07:
18 ]  Logger release

PS D:\C++_Vscode\qd
_language\build> mak
e
Consolidate compil
er generated depende
ncies of target qd
[
  9%] Linking CXX ex
ecutable ..\bin\qd.e
xe
[100%] Built targ
et qd
PS D:\C++_Vsco
de\qd_language\build
> ..\bin\qd ..\test\
simple_test\fibonacc
i_test
(- info  -)  
<id 1> [ 2024-01-13 
21:08:13 ]  Logger i
nit
(- err   -)  <id
 3> [ 2024-01-13 21:
08:13 ] args input e
rror
(- info  -)  <i
d 4> [ 2024-01-13 21
:08:13 ]  Logger rel
ease
PS D:\C++_Vscod
e\qd_language\build>
 make
Consolidate co
mpiler generated dep
endencies of target 
qd
[  9%] Linking CX
X executable ..\bin\
qd.exe
[100%] Built 
target qd
PS D:\C++_
Vscode\qd_language\b
uild> ..\bin\qd ..\t
est\simple_test\fibo
nacci_test
(- info  
-)  <id 1> [ 2024-01
-13 21:08:29 ]  Logg
er init
(- err   -) 
 <id 2> [ 2024-01-13
 21:08:29 ] function
 args name not found

(- err   -)  <id 3>
 [ 2024-01-13 21:08:
29 ] args input erro
r
(- info  -)  <id 4
> [ 2024-01-13 21:08
:29 ]  Logger releas
e
PS D:\C++_Vscode\q
d_language\build> ma
ke
Consolidate compi
ler generated depend
encies of target qd

[  9%] Linking CXX e
xecutable ..\bin\qd.
exe
[100%] Built tar
get qd
PS D:\C++_Vsc
ode\qd_language\buil
d> ..\bin\qd ..\test
\simple_test\fibonac
ci_test
(- info  -) 
 <id 1> [ 2024-01-13
 21:08:52 ]  Logger 
init
(- err   -)  <i
d 3> [ 2024-01-13 21
:08:52 ] args input 
error
(- info  -)  <
id 4> [ 2024-01-13 2
1:08:52 ]  Logger re
lease
Consolidate co
mpiler generated dep
endencies of target 
qd
[  4%] Building C
XX object CMakeFiles
/qd.dir/src/qd_vm.cp
p.obj
D:\C++_Vscode\
qd_language\src\qd_v
m.cpp: In member fun
ction 'qd_header::D_
OBJ* qd_header::D_VM
::find_variable(cons
t string&)':
D:\C++_
Vscode\qd_language\s
rc\qd_vm.cpp:816:37:
 error: cannot conve
rt 'qd_header::CallI
nfo*' to 'qd_header:
:D_OBJ*' in return
 
                    
                ^
ma
ke[2]: *** [CMakeFil
es\qd.dir\build.make
:376: CMakeFiles/qd.
dir/src/qd_vm.cpp.ob
j] Error 1
make[1]: 
*** [CMakeFiles\Make
file2:82: CMakeFiles
/qd.dir/all] Error 2

make: *** [Makefile
:90: all] Error 2
Co
nsolidate compiler g
enerated dependencie
s of target qd
[  4%
] Building CXX objec
t CMakeFiles/qd.dir/
src/qd_vm.cpp.obj
[ 
 9%] Linking CXX exe
cutable ..\bin\qd.ex
e
[100%] Built targe
t qd
(- info  -)  <i
d 1> [ 2024-01-13 21
:10:21 ]  Logger ini
t
(- info  -)  <id 2
> [ 2024-01-13 21:10
:21 ]  Logger releas
e
Consolidate compil
er generated depende
ncies of target qd
[
  4%] Building CXX o
bject CMakeFiles/qd.
dir/src/qd_vm.cpp.ob
j
[  9%] Linking CXX
 executable ..\bin\q
d.exe
[100%] Built t
arget qd
PS D:\C++_V
scode\qd_language\bu
ild> ..\bin\qd ..\te
st\simple_test\fibon
acci_test
(- info  -
)  <id 1> [ 2024-01-
13 21:10:49 ]  Logge
r init
(- err   -)  
<id 2> [ 2024-01-13 
21:10:49 ] var is no
t exist
(- err   -) 
 <id 3> [ 2024-01-13
 21:10:49 ] analyse 
 expresion  error  i
n  analyse  code
(- 
info  -)  <id 4> [ 2
024-01-13 21:10:49 ]
  Logger release
PS 
D:\C++_Vscode\qd_lan
guage\build> make
Co
nsolidate compiler g
enerated dependencie
s of target qd
[  4%
] Building CXX objec
t CMakeFiles/qd.dir/
src/qd_vm.cpp.obj
[1
00%] Built target qd

PS D:\C++_Vscode\qd
_language\build> ..\
bin\qd ..\test\simpl
e_test\fibonacci_tes
t
(- info  -)  <id 2
> [ 2024-01-13 21:12
:38 ]  Logger releas
e
PS D:\C++_Vscode\q
d_language\build> ma
ke
Consolidate compi
ler generated depend
encies of target qd

[  4%] Building CXX 
object CMakeFiles/qd
.dir/src/main.cpp.ob
j
[  9%] Building CX
X object CMakeFiles/
qd.dir/src/qd_call.c
pp.obj
[ 13%] Buildi
ng CXX object CMakeF
iles/qd.dir/src/qd_m
ain.cpp.obj
D:\C++_V
scode\qd_language\sr
c\qd_main.cpp: In me
mber function 'size_
t qd_header::QDMAIN:
:interactive_mode()'
:
D:\C++_Vscode\qd_l
anguage\src\qd_main.
cpp:263:1: warning: 
control reaches end 
of non-void function
 [-Wreturn-type]
 }

 ^
[ 18%] Building C
XX object CMakeFiles
/qd.dir/src/qd_parse
r.cpp.obj
[ 22%] Bui
lding CXX object CMa
keFiles/qd.dir/src/q
d_vm.cpp.obj
[ 27%] 
Linking CXX executab
le ..\bin\qd.exe
[10
0%] Built target qd

PS D:\C++_Vscode\qd_
language\build> ..\b
in\qd ..\test\simple
_test\fibonacci_test

(- info  -)  <id 1>
 [ 2024-01-13 21:16:
33 ]  Logger init
(-
 info  -)  <id 2> [ 
2024-01-13 21:16:33 
]  Logger release
PS
 D:\C++_Vscode\qd_la
nguage\build> ..\bin
\qd ..\test\simple_t
est\func_test     
(
- info  -)  <id 1> [
 2024-01-13 21:16:38
 ]  Logger init 
(- 
info  -)  <id 2> [ 2
024-01-13 21:16:38 ]
  Logger 
